<?xml version="1.0" encoding="UTF-8"?>
<testng-results ignored="0" total="2" passed="2" failed="0" skipped="0">
  <reporter-output>
    <line>
      <![CDATA[Extent Report Directory/Users/peoplentech/IdeaProjects/Web-Automation/Amazon/target/surefire-reports/html]]>
    </line>
    <line>
      <![CDATA[TestSearch: search Items Test]]>
    </line>
    <line>
      <![CDATA[SearchPage: searchItemsAndSubmitButton]]>
    </line>
    <line>
      <![CDATA[SearchPage: search For Books]]>
    </line>
    <line>
      <![CDATA[SearchPage: submit Search Button]]>
    </line>
    <line>
      <![CDATA[SearchPage: clear Input]]>
    </line>
    <line>
      <![CDATA[SearchPage: search For Baby]]>
    </line>
    <line>
      <![CDATA[SearchPage: submit Search Button]]>
    </line>
    <line>
      <![CDATA[TestDropDownMenu: menus]]>
    </line>
    <line>
      <![CDATA[TestDropDownMenu: get Menus]]>
    </line>
    <line>
      <![CDATA[TestDropDownMenu: get Menus]]>
    </line>
  </reporter-output>
  <suite started-at="2018-01-06T18:18:58Z" name="Amazon Automation Test" finished-at="2018-01-06T18:19:10Z" duration-ms="12016">
    <groups>
    </groups>
    <test started-at="2018-01-06T18:18:58Z" name="Amazon Home" finished-at="2018-01-06T18:19:10Z" duration-ms="12016">
      <class name="search.TestSearch">
        <test-method is-config="true" signature="extentSetup(org.testng.ITestContext)[pri:0, instance:search.TestSearch@62230c58]" started-at="2018-01-06T13:18:58Z" name="extentSetup" finished-at="2018-01-06T13:18:58Z" duration-ms="381" status="PASS">
          <params>
            <param index="0">
              <value>
                <![CDATA[org.testng.TestRunner@1e54cb33]]>
              </value>
            </param>
          </params>
          <reporter-output>
            <line>
              <![CDATA[Extent Report Directory/Users/peoplentech/IdeaProjects/Web-Automation/Amazon/target/surefire-reports/html]]>
            </line>
          </reporter-output>
        </test-method> <!-- extentSetup -->
        <test-method is-config="true" signature="setUp(boolean, java.lang.String, java.lang.String, java.lang.String, java.lang.String, java.lang.String, java.lang.String)[pri:0, instance:search.TestSearch@62230c58]" started-at="2018-01-06T13:18:58Z" name="setUp" finished-at="2018-01-06T13:19:05Z" duration-ms="6709" status="PASS">
          <params>
            <param index="0">
              <value>
                <![CDATA[false]]>
              </value>
            </param>
            <param index="1">
              <value>
                <![CDATA[browserstack]]>
              </value>
            </param>
            <param index="2">
              <value>
                <![CDATA[OS X]]>
              </value>
            </param>
            <param index="3">
              <value>
                <![CDATA[Sierra]]>
              </value>
            </param>
            <param index="4">
              <value>
                <![CDATA[firefox]]>
              </value>
            </param>
            <param index="5">
              <value>
                <![CDATA[57.0]]>
              </value>
            </param>
            <param index="6">
              <value>
                <![CDATA[https://www.amazon.com]]>
              </value>
            </param>
          </params>
          <reporter-output>
          </reporter-output>
        </test-method> <!-- setUp -->
        <test-method is-config="true" signature="startExtent(java.lang.reflect.Method)[pri:0, instance:search.TestSearch@62230c58]" started-at="2018-01-06T13:19:05Z" name="startExtent" finished-at="2018-01-06T13:19:05Z" duration-ms="19" status="PASS">
          <params>
            <param index="0">
              <value>
                <![CDATA[public void search.TestSearch.searchItemsTest()]]>
              </value>
            </param>
          </params>
          <reporter-output>
          </reporter-output>
        </test-method> <!-- startExtent -->
        <test-method signature="searchItemsTest()[pri:0, instance:search.TestSearch@62230c58]" started-at="2018-01-06T13:19:05Z" name="searchItemsTest" finished-at="2018-01-06T13:19:10Z" duration-ms="4765" status="PASS">
          <reporter-output>
            <line>
              <![CDATA[TestSearch: search Items Test]]>
            </line>
            <line>
              <![CDATA[SearchPage: searchItemsAndSubmitButton]]>
            </line>
            <line>
              <![CDATA[SearchPage: search For Books]]>
            </line>
            <line>
              <![CDATA[SearchPage: submit Search Button]]>
            </line>
            <line>
              <![CDATA[SearchPage: clear Input]]>
            </line>
            <line>
              <![CDATA[SearchPage: search For Baby]]>
            </line>
            <line>
              <![CDATA[SearchPage: submit Search Button]]>
            </line>
          </reporter-output>
        </test-method> <!-- searchItemsTest -->
        <test-method is-config="true" signature="afterEachTestMethod(org.testng.ITestResult)[pri:0, instance:search.TestSearch@62230c58]" started-at="2018-01-06T13:19:10Z" name="afterEachTestMethod" finished-at="2018-01-06T13:19:10Z" duration-ms="513" status="PASS">
          <params>
            <param index="0">
              <value>
                <![CDATA[[TestResult name=searchItemsTest status=SUCCESS method=TestSearch.searchItemsTest()[pri:0, instance:search.TestSearch@62230c58] output=TestSearch: search Items Test]]]>
              </value>
            </param>
          </params>
          <reporter-output>
          </reporter-output>
        </test-method> <!-- afterEachTestMethod -->
        <test-method is-config="true" signature="cleanUp()[pri:0, instance:search.TestSearch@62230c58]" started-at="2018-01-06T13:19:10Z" name="cleanUp" finished-at="2018-01-06T13:19:10Z" duration-ms="2" status="PASS">
          <reporter-output>
          </reporter-output>
        </test-method> <!-- cleanUp -->
        <test-method is-config="true" signature="generateReport()[pri:0, instance:search.TestSearch@62230c58]" started-at="2018-01-06T13:19:10Z" name="generateReport" finished-at="2018-01-06T13:19:10Z" duration-ms="57" status="PASS">
          <reporter-output>
          </reporter-output>
        </test-method> <!-- generateReport -->
      </class> <!-- search.TestSearch -->
    </test> <!-- Amazon Home -->
  </suite> <!-- Amazon Automation Test -->
  <suite started-at="2018-01-06T18:19:10Z" name="Amazon Automation Test (0)" finished-at="2018-01-06T18:19:58Z" duration-ms="47912">
    <groups>
    </groups>
    <test started-at="2018-01-06T18:19:10Z" name="Amazon Home" finished-at="2018-01-06T18:19:58Z" duration-ms="47912">
      <class name="home.TestDropDownMenu">
        <test-method is-config="true" signature="extentSetup(org.testng.ITestContext)[pri:0, instance:home.TestDropDownMenu@a2431d0]" started-at="2018-01-06T13:19:10Z" name="extentSetup" finished-at="2018-01-06T13:19:10Z" duration-ms="0" status="PASS">
          <params>
            <param index="0">
              <value>
                <![CDATA[org.testng.TestRunner@33cbfa57]]>
              </value>
            </param>
          </params>
          <reporter-output>
          </reporter-output>
        </test-method> <!-- extentSetup -->
        <test-method is-config="true" signature="setUp(boolean, java.lang.String, java.lang.String, java.lang.String, java.lang.String, java.lang.String, java.lang.String)[pri:0, instance:home.TestDropDownMenu@a2431d0]" started-at="2018-01-06T13:19:10Z" name="setUp" finished-at="2018-01-06T13:19:18Z" duration-ms="7612" status="PASS">
          <params>
            <param index="0">
              <value>
                <![CDATA[false]]>
              </value>
            </param>
            <param index="1">
              <value>
                <![CDATA[browserstack]]>
              </value>
            </param>
            <param index="2">
              <value>
                <![CDATA[OS X]]>
              </value>
            </param>
            <param index="3">
              <value>
                <![CDATA[Sierra]]>
              </value>
            </param>
            <param index="4">
              <value>
                <![CDATA[firefox]]>
              </value>
            </param>
            <param index="5">
              <value>
                <![CDATA[57.0]]>
              </value>
            </param>
            <param index="6">
              <value>
                <![CDATA[https://www.amazon.com]]>
              </value>
            </param>
          </params>
          <reporter-output>
          </reporter-output>
        </test-method> <!-- setUp -->
        <test-method signature="menus()[pri:0, instance:home.TestDropDownMenu@a2431d0]" started-at="2018-01-06T13:19:18Z" name="menus" finished-at="2018-01-06T13:19:58Z" duration-ms="40111" status="PASS">
          <reporter-output>
            <line>
              <![CDATA[TestDropDownMenu: menus]]>
            </line>
            <line>
              <![CDATA[TestDropDownMenu: get Menus]]>
            </line>
            <line>
              <![CDATA[TestDropDownMenu: get Menus]]>
            </line>
          </reporter-output>
        </test-method> <!-- menus -->
        <test-method is-config="true" signature="startExtent(java.lang.reflect.Method)[pri:0, instance:home.TestDropDownMenu@a2431d0]" started-at="2018-01-06T13:19:18Z" name="startExtent" finished-at="2018-01-06T13:19:18Z" duration-ms="0" status="PASS">
          <params>
            <param index="0">
              <value>
                <![CDATA[public void home.TestDropDownMenu.menus()]]>
              </value>
            </param>
          </params>
          <reporter-output>
          </reporter-output>
        </test-method> <!-- startExtent -->
        <test-method is-config="true" signature="afterEachTestMethod(org.testng.ITestResult)[pri:0, instance:home.TestDropDownMenu@a2431d0]" started-at="2018-01-06T13:19:58Z" name="afterEachTestMethod" finished-at="2018-01-06T13:19:58Z" duration-ms="186" status="PASS">
          <params>
            <param index="0">
              <value>
                <![CDATA[[TestResult name=menus status=SUCCESS method=TestDropDownMenu.menus()[pri:0, instance:home.TestDropDownMenu@a2431d0] output=TestDropDownMenu: menus]]]>
              </value>
            </param>
          </params>
          <reporter-output>
          </reporter-output>
        </test-method> <!-- afterEachTestMethod -->
        <test-method is-config="true" signature="cleanUp()[pri:0, instance:home.TestDropDownMenu@a2431d0]" started-at="2018-01-06T13:19:58Z" name="cleanUp" finished-at="2018-01-06T13:19:58Z" duration-ms="0" status="PASS">
          <reporter-output>
          </reporter-output>
        </test-method> <!-- cleanUp -->
        <test-method is-config="true" signature="generateReport()[pri:0, instance:home.TestDropDownMenu@a2431d0]" started-at="2018-01-06T13:19:58Z" name="generateReport" finished-at="2018-01-06T13:19:58Z" duration-ms="2" status="PASS">
          <reporter-output>
          </reporter-output>
        </test-method> <!-- generateReport -->
      </class> <!-- home.TestDropDownMenu -->
    </test> <!-- Amazon Home -->
  </suite> <!-- Amazon Automation Test (0) -->
</testng-results>
