<?xml version="1.0" encoding="UTF-8"?>
<testng-results ignored="0" total="1" passed="1" failed="0" skipped="0">
  <reporter-output>
    <line>
      <![CDATA[Extent Report Directory/Users/peoplentech/IdeaProjects/Web-Automation/Amazon/target/surefire-reports/html]]>
    </line>
    <line>
      <![CDATA[TestSearch: search Items Test]]>
    </line>
    <line>
      <![CDATA[SearchPage: searchItemsAndSubmitButton]]>
    </line>
    <line>
      <![CDATA[SearchPage: search For Books]]>
    </line>
    <line>
      <![CDATA[SearchPage: submit Search Button]]>
    </line>
    <line>
      <![CDATA[SearchPage: clear Input]]>
    </line>
    <line>
      <![CDATA[SearchPage: search For Baby]]>
    </line>
    <line>
      <![CDATA[SearchPage: submit Search Button]]>
    </line>
  </reporter-output>
  <suite started-at="2018-01-07T15:55:42Z" name="Amazon Automation Test" finished-at="2018-01-07T15:57:53Z" duration-ms="131351">
    <groups>
    </groups>
    <test started-at="2018-01-07T15:55:42Z" name="Amazon Home" finished-at="2018-01-07T15:57:53Z" duration-ms="131351">
      <class name="search.TestSearch">
        <test-method is-config="true" signature="extentSetup(org.testng.ITestContext)[pri:0, instance:search.TestSearch@2e55dd0c]" started-at="2018-01-07T10:55:40Z" name="extentSetup" finished-at="2018-01-07T10:55:42Z" duration-ms="1961" status="PASS">
          <params>
            <param index="0">
              <value>
                <![CDATA[org.testng.TestRunner@6818d900]]>
              </value>
            </param>
          </params>
          <reporter-output>
            <line>
              <![CDATA[Extent Report Directory/Users/peoplentech/IdeaProjects/Web-Automation/Amazon/target/surefire-reports/html]]>
            </line>
          </reporter-output>
        </test-method> <!-- extentSetup -->
        <test-method is-config="true" signature="setUp(boolean, java.lang.String, java.lang.String, java.lang.String, java.lang.String, java.lang.String, java.lang.String)[pri:0, instance:search.TestSearch@2e55dd0c]" started-at="2018-01-07T10:55:42Z" name="setUp" finished-at="2018-01-07T10:56:58Z" duration-ms="76252" status="PASS">
          <params>
            <param index="0">
              <value>
                <![CDATA[false]]>
              </value>
            </param>
            <param index="1">
              <value>
                <![CDATA[browserstack]]>
              </value>
            </param>
            <param index="2">
              <value>
                <![CDATA[OS X]]>
              </value>
            </param>
            <param index="3">
              <value>
                <![CDATA[Sierra]]>
              </value>
            </param>
            <param index="4">
              <value>
                <![CDATA[firefox]]>
              </value>
            </param>
            <param index="5">
              <value>
                <![CDATA[57.0]]>
              </value>
            </param>
            <param index="6">
              <value>
                <![CDATA[https://www.amazon.com]]>
              </value>
            </param>
          </params>
          <reporter-output>
          </reporter-output>
        </test-method> <!-- setUp -->
        <test-method is-config="true" signature="startExtent(java.lang.reflect.Method)[pri:0, instance:search.TestSearch@2e55dd0c]" started-at="2018-01-07T10:56:58Z" name="startExtent" finished-at="2018-01-07T10:56:59Z" duration-ms="565" status="PASS">
          <params>
            <param index="0">
              <value>
                <![CDATA[public void search.TestSearch.searchItemsTest()]]>
              </value>
            </param>
          </params>
          <reporter-output>
          </reporter-output>
        </test-method> <!-- startExtent -->
        <test-method signature="searchItemsTest()[pri:0, instance:search.TestSearch@2e55dd0c]" started-at="2018-01-07T10:56:59Z" name="searchItemsTest" finished-at="2018-01-07T10:57:39Z" duration-ms="39638" status="PASS">
          <reporter-output>
            <line>
              <![CDATA[TestSearch: search Items Test]]>
            </line>
            <line>
              <![CDATA[SearchPage: searchItemsAndSubmitButton]]>
            </line>
            <line>
              <![CDATA[SearchPage: search For Books]]>
            </line>
            <line>
              <![CDATA[SearchPage: submit Search Button]]>
            </line>
            <line>
              <![CDATA[SearchPage: clear Input]]>
            </line>
            <line>
              <![CDATA[SearchPage: search For Baby]]>
            </line>
            <line>
              <![CDATA[SearchPage: submit Search Button]]>
            </line>
          </reporter-output>
        </test-method> <!-- searchItemsTest -->
        <test-method is-config="true" signature="afterEachTestMethod(org.testng.ITestResult)[pri:0, instance:search.TestSearch@2e55dd0c]" started-at="2018-01-07T10:57:39Z" name="afterEachTestMethod" finished-at="2018-01-07T10:57:53Z" duration-ms="14619" status="PASS">
          <params>
            <param index="0">
              <value>
                <![CDATA[[TestResult name=searchItemsTest status=SUCCESS method=TestSearch.searchItemsTest()[pri:0, instance:search.TestSearch@2e55dd0c] output=TestSearch: search Items Test]]]>
              </value>
            </param>
          </params>
          <reporter-output>
          </reporter-output>
        </test-method> <!-- afterEachTestMethod -->
        <test-method is-config="true" signature="cleanUp()[pri:0, instance:search.TestSearch@2e55dd0c]" started-at="2018-01-07T10:57:53Z" name="cleanUp" finished-at="2018-01-07T10:57:53Z" duration-ms="0" status="PASS">
          <reporter-output>
          </reporter-output>
        </test-method> <!-- cleanUp -->
        <test-method is-config="true" signature="generateReport()[pri:0, instance:search.TestSearch@2e55dd0c]" started-at="2018-01-07T10:57:55Z" name="generateReport" finished-at="2018-01-07T10:57:55Z" duration-ms="67" status="PASS">
          <reporter-output>
          </reporter-output>
        </test-method> <!-- generateReport -->
      </class> <!-- search.TestSearch -->
    </test> <!-- Amazon Home -->
  </suite> <!-- Amazon Automation Test -->
  <suite started-at="2018-01-07T15:57:55Z" name="Amazon Automation Test (0)" finished-at="2018-01-07T15:57:55Z" duration-ms="0">
    <groups>
    </groups>
    <test started-at="2018-01-07T15:57:55Z" name="Amazon Home" finished-at="2018-01-07T15:57:55Z" duration-ms="0">
    </test> <!-- Amazon Home -->
  </suite> <!-- Amazon Automation Test (0) -->
</testng-results>
