<?xml version="1.0" encoding="UTF-8"?>
<testng-results ignored="0" total="1" passed="1" failed="0" skipped="0">
  <reporter-output>
    <line>
      <![CDATA[Extent Report Directory/Users/peoplentech/IdeaProjects/Web-Automation/Cnn/target/surefire-reports/html]]>
    </line>
  </reporter-output>
  <suite started-at="2018-01-07T17:17:05Z" name="home.TestHome" finished-at="2018-01-07T17:17:42Z" duration-ms="36232">
    <groups>
    </groups>
    <test started-at="2018-01-07T17:17:05Z" name="Command line test" finished-at="2018-01-07T17:17:42Z" duration-ms="36232">
      <class name="home.TestHome">
        <test-method is-config="true" signature="extentSetup(org.testng.ITestContext)[pri:0, instance:home.TestHome@35ef1869]" started-at="2018-01-07T12:17:03Z" name="extentSetup" finished-at="2018-01-07T12:17:05Z" duration-ms="2266" status="PASS">
          <params>
            <param index="0">
              <value>
                <![CDATA[org.testng.TestRunner@79ab34c1]]>
              </value>
            </param>
          </params>
          <reporter-output>
            <line>
              <![CDATA[Extent Report Directory/Users/peoplentech/IdeaProjects/Web-Automation/Cnn/target/surefire-reports/html]]>
            </line>
          </reporter-output>
        </test-method> <!-- extentSetup -->
        <test-method is-config="true" signature="setUp(boolean, java.lang.String, java.lang.String, java.lang.String, java.lang.String, java.lang.String, java.lang.String)[pri:0, instance:home.TestHome@35ef1869]" started-at="2018-01-07T12:17:05Z" name="setUp" finished-at="2018-01-07T12:17:34Z" duration-ms="28551" status="PASS">
          <params>
            <param index="0">
              <value>
                <![CDATA[false]]>
              </value>
            </param>
            <param index="1">
              <value>
                <![CDATA[false]]>
              </value>
            </param>
            <param index="2">
              <value>
                <![CDATA[OS X]]>
              </value>
            </param>
            <param index="3">
              <value>
                <![CDATA[10]]>
              </value>
            </param>
            <param index="4">
              <value>
                <![CDATA[firefox]]>
              </value>
            </param>
            <param index="5">
              <value>
                <![CDATA[34]]>
              </value>
            </param>
            <param index="6">
              <value>
                <![CDATA[http://www.amazon.com]]>
              </value>
            </param>
          </params>
          <reporter-output>
          </reporter-output>
        </test-method> <!-- setUp -->
        <test-method is-config="true" signature="startExtent(java.lang.reflect.Method)[pri:0, instance:home.TestHome@35ef1869]" started-at="2018-01-07T12:17:34Z" name="startExtent" finished-at="2018-01-07T12:17:34Z" duration-ms="339" status="PASS">
          <params>
            <param index="0">
              <value>
                <![CDATA[public void home.TestHome.test1()]]>
              </value>
            </param>
          </params>
          <reporter-output>
          </reporter-output>
        </test-method> <!-- startExtent -->
        <test-method signature="test1()[pri:0, instance:home.TestHome@35ef1869]" started-at="2018-01-07T12:17:34Z" name="test1" finished-at="2018-01-07T12:17:35Z" duration-ms="184" status="PASS">
          <reporter-output>
          </reporter-output>
        </test-method> <!-- test1 -->
        <test-method is-config="true" signature="afterEachTestMethod(org.testng.ITestResult)[pri:0, instance:home.TestHome@35ef1869]" started-at="2018-01-07T12:17:35Z" name="afterEachTestMethod" finished-at="2018-01-07T12:17:41Z" duration-ms="6968" status="PASS">
          <params>
            <param index="0">
              <value>
                <![CDATA[[TestResult name=test1 status=SUCCESS method=TestHome.test1()[pri:0, instance:home.TestHome@35ef1869] output={null}]]]>
              </value>
            </param>
          </params>
          <reporter-output>
          </reporter-output>
        </test-method> <!-- afterEachTestMethod -->
        <test-method is-config="true" signature="cleanUp()[pri:0, instance:home.TestHome@35ef1869]" started-at="2018-01-07T12:17:41Z" name="cleanUp" finished-at="2018-01-07T12:17:41Z" duration-ms="0" status="PASS">
          <reporter-output>
          </reporter-output>
        </test-method> <!-- cleanUp -->
        <test-method is-config="true" signature="generateReport()[pri:0, instance:home.TestHome@35ef1869]" started-at="2018-01-07T12:17:43Z" name="generateReport" finished-at="2018-01-07T12:17:45Z" duration-ms="1492" status="PASS">
          <reporter-output>
          </reporter-output>
        </test-method> <!-- generateReport -->
      </class> <!-- home.TestHome -->
    </test> <!-- Command line test -->
  </suite> <!-- home.TestHome -->
</testng-results>
