<?xml version="1.0" encoding="UTF-8"?>
<testng-results ignored="0" total="1" passed="1" failed="0" skipped="0">
  <reporter-output>
    <line>
      <![CDATA[Extent Report Directory/Users/peoplentech/IdeaProjects/Web-Automation/Cnn/target/surefire-reports/html]]>
    </line>
  </reporter-output>
  <suite started-at="2018-01-07T17:19:33Z" name="home.TestHome" finished-at="2018-01-07T17:20:07Z" duration-ms="33511">
    <groups>
    </groups>
    <test started-at="2018-01-07T17:19:33Z" name="Command line test" finished-at="2018-01-07T17:20:07Z" duration-ms="33511">
      <class name="home.TestHome">
        <test-method is-config="true" signature="extentSetup(org.testng.ITestContext)[pri:0, instance:home.TestHome@35ef1869]" started-at="2018-01-07T12:19:32Z" name="extentSetup" finished-at="2018-01-07T12:19:33Z" duration-ms="621" status="PASS">
          <params>
            <param index="0">
              <value>
                <![CDATA[org.testng.TestRunner@2b214b94]]>
              </value>
            </param>
          </params>
          <reporter-output>
            <line>
              <![CDATA[Extent Report Directory/Users/peoplentech/IdeaProjects/Web-Automation/Cnn/target/surefire-reports/html]]>
            </line>
          </reporter-output>
        </test-method> <!-- extentSetup -->
        <test-method is-config="true" signature="setUp(boolean, java.lang.String, java.lang.String, java.lang.String, java.lang.String, java.lang.String, java.lang.String)[pri:0, instance:home.TestHome@35ef1869]" started-at="2018-01-07T12:19:33Z" name="setUp" finished-at="2018-01-07T12:20:02Z" duration-ms="28814" status="PASS">
          <params>
            <param index="0">
              <value>
                <![CDATA[false]]>
              </value>
            </param>
            <param index="1">
              <value>
                <![CDATA[false]]>
              </value>
            </param>
            <param index="2">
              <value>
                <![CDATA[OS X]]>
              </value>
            </param>
            <param index="3">
              <value>
                <![CDATA[10]]>
              </value>
            </param>
            <param index="4">
              <value>
                <![CDATA[firefox]]>
              </value>
            </param>
            <param index="5">
              <value>
                <![CDATA[34]]>
              </value>
            </param>
            <param index="6">
              <value>
                <![CDATA[http://www.amazon.com]]>
              </value>
            </param>
          </params>
          <reporter-output>
          </reporter-output>
        </test-method> <!-- setUp -->
        <test-method is-config="true" signature="startExtent(java.lang.reflect.Method)[pri:0, instance:home.TestHome@35ef1869]" started-at="2018-01-07T12:20:02Z" name="startExtent" finished-at="2018-01-07T12:20:02Z" duration-ms="168" status="PASS">
          <params>
            <param index="0">
              <value>
                <![CDATA[public void home.TestHome.test1()]]>
              </value>
            </param>
          </params>
          <reporter-output>
          </reporter-output>
        </test-method> <!-- startExtent -->
        <test-method signature="test1()[pri:0, instance:home.TestHome@35ef1869]" started-at="2018-01-07T12:20:02Z" name="test1" finished-at="2018-01-07T12:20:02Z" duration-ms="69" status="PASS">
          <reporter-output>
          </reporter-output>
        </test-method> <!-- test1 -->
        <test-method is-config="true" signature="afterEachTestMethod(org.testng.ITestResult)[pri:0, instance:home.TestHome@35ef1869]" started-at="2018-01-07T12:20:02Z" name="afterEachTestMethod" finished-at="2018-01-07T12:20:06Z" duration-ms="4351" status="PASS">
          <params>
            <param index="0">
              <value>
                <![CDATA[[TestResult name=test1 status=SUCCESS method=TestHome.test1()[pri:0, instance:home.TestHome@35ef1869] output={null}]]]>
              </value>
            </param>
          </params>
          <reporter-output>
          </reporter-output>
        </test-method> <!-- afterEachTestMethod -->
        <test-method is-config="true" signature="cleanUp()[pri:0, instance:home.TestHome@35ef1869]" started-at="2018-01-07T12:20:06Z" name="cleanUp" finished-at="2018-01-07T12:20:06Z" duration-ms="0" status="PASS">
          <reporter-output>
          </reporter-output>
        </test-method> <!-- cleanUp -->
        <test-method is-config="true" signature="generateReport()[pri:0, instance:home.TestHome@35ef1869]" started-at="2018-01-07T12:20:07Z" name="generateReport" finished-at="2018-01-07T12:20:07Z" duration-ms="24" status="PASS">
          <reporter-output>
          </reporter-output>
        </test-method> <!-- generateReport -->
      </class> <!-- home.TestHome -->
    </test> <!-- Command line test -->
  </suite> <!-- home.TestHome -->
</testng-results>
